TN:
SF:src/app/controllers/CategoryController.js
FN:1,Object.<anonymous>
FN:3,_interopRequireDefault
FN:16,index
FN:33,show
FN:42,store
FN:51,update
FNF:6
FNH:6
FNDA:2,Object.<anonymous>
FNDA:2,_interopRequireDefault
FNDA:1,index
FNDA:1,show
FNDA:5,store
FNDA:1,update
DA:1,2
DA:2,2
DA:3,2
DA:4,2
DA:5,2
DA:6,2
DA:7,2
DA:8,2
DA:9,2
DA:10,2
DA:11,2
DA:12,2
DA:13,2
DA:14,2
DA:15,2
DA:16,2
DA:17,1
DA:18,1
DA:19,1
DA:20,1
DA:21,1
DA:22,1
DA:23,1
DA:24,0
DA:25,1
DA:26,1
DA:27,1
DA:28,1
DA:29,1
DA:30,1
DA:31,1
DA:32,1
DA:33,2
DA:34,1
DA:35,1
DA:36,1
DA:37,1
DA:38,1
DA:39,1
DA:40,1
DA:41,1
DA:42,2
DA:43,5
DA:44,5
DA:45,5
DA:46,5
DA:47,5
DA:48,5
DA:49,5
DA:50,5
DA:51,2
DA:52,1
DA:53,1
DA:54,1
DA:55,1
DA:56,1
DA:57,1
DA:58,1
DA:59,1
DA:60,1
DA:61,1
DA:62,1
DA:63,1
DA:64,1
LF:64
LH:63
BRDA:1,0,0,2
BRDA:1,1,0,2
BRDA:3,2,0,2
BRDA:6,3,0,0
BRDA:16,4,0,1
BRDA:23,5,0,0
BRDA:33,6,0,1
BRDA:42,7,0,5
BRDA:51,8,0,1
BRF:9
BRH:7
end_of_record
TN:
SF:src/app/controllers/CustomerController.js
FN:1,Object.<anonymous>
FN:4,_interopRequireDefault
FN:13,index
FN:27,show
FN:43,store
FN:59,update
FN:81,delete
FNF:7
FNH:2
FNDA:2,Object.<anonymous>
FNDA:2,_interopRequireDefault
FNDA:0,index
FNDA:0,show
FNDA:0,store
FNDA:0,update
FNDA:0,delete
DA:1,2
DA:2,2
DA:3,2
DA:4,2
DA:5,2
DA:6,2
DA:7,2
DA:8,2
DA:9,2
DA:10,2
DA:11,2
DA:12,2
DA:13,2
DA:14,0
DA:15,0
DA:16,0
DA:17,0
DA:18,0
DA:19,0
DA:20,0
DA:21,0
DA:22,0
DA:23,0
DA:24,0
DA:25,0
DA:26,0
DA:27,2
DA:28,0
DA:29,0
DA:30,0
DA:31,0
DA:32,0
DA:33,0
DA:34,0
DA:35,0
DA:36,0
DA:37,0
DA:38,0
DA:39,0
DA:40,0
DA:41,0
DA:42,0
DA:43,2
DA:44,0
DA:45,0
DA:46,0
DA:47,0
DA:48,0
DA:49,0
DA:50,0
DA:51,0
DA:52,0
DA:53,0
DA:54,0
DA:55,0
DA:56,0
DA:57,0
DA:58,0
DA:59,2
DA:60,0
DA:61,0
DA:62,0
DA:63,0
DA:64,0
DA:65,0
DA:66,0
DA:67,0
DA:68,0
DA:69,0
DA:70,0
DA:71,0
DA:72,0
DA:73,0
DA:74,0
DA:75,0
DA:76,0
DA:77,0
DA:78,0
DA:79,0
DA:80,2
DA:81,0
DA:82,0
DA:83,0
DA:84,0
LF:84
LH:17
BRDA:1,0,0,2
BRDA:1,1,0,2
BRDA:4,2,0,2
BRDA:6,3,0,0
BRF:4
BRH:3
end_of_record
TN:
SF:src/app/controllers/ProductController.js
FN:1,Object.<anonymous>
FN:4,_interopRequireDefault
FN:16,index
FN:18,show
FN:21,store
FN:31,update
FNF:6
FNH:4
FNDA:2,Object.<anonymous>
FNDA:2,_interopRequireDefault
FNDA:0,index
FNDA:0,show
FNDA:1,store
FNDA:1,update
DA:1,2
DA:2,2
DA:3,2
DA:4,2
DA:5,2
DA:6,2
DA:7,2
DA:8,2
DA:9,2
DA:10,2
DA:11,2
DA:12,2
DA:13,2
DA:14,2
DA:15,2
DA:16,2
DA:17,0
DA:18,2
DA:19,0
DA:20,0
DA:21,2
DA:22,1
DA:23,1
DA:24,1
DA:25,1
DA:26,1
DA:27,1
DA:28,1
DA:29,1
DA:30,1
DA:31,2
DA:32,1
DA:33,1
DA:34,1
DA:35,1
DA:36,1
DA:37,1
DA:38,1
DA:39,1
DA:40,1
DA:41,1
DA:42,1
DA:43,1
DA:44,1
DA:45,1
DA:46,1
LF:46
LH:43
BRDA:1,0,0,2
BRDA:1,1,0,2
BRDA:4,2,0,2
BRDA:9,3,0,0
BRDA:21,4,0,1
BRDA:31,5,0,1
BRF:6
BRH:5
end_of_record
TN:
SF:src/app/documentation/category.js
FN:1,(empty-report)
FNF:1
FNH:0
FNDA:0,(empty-report)
DA:1,0
DA:2,0
DA:3,0
DA:4,0
LF:4
LH:0
BRDA:1,0,0,0
BRF:1
BRH:0
end_of_record
TN:
SF:src/app/documentation/product.js
FN:1,(empty-report)
FNF:1
FNH:0
FNDA:0,(empty-report)
DA:1,0
DA:2,0
DA:3,0
DA:4,0
DA:5,0
DA:6,0
DA:7,0
DA:8,0
LF:8
LH:0
BRDA:1,0,0,0
BRF:1
BRH:0
end_of_record
TN:
SF:src/app/middlewares/category.js
FN:1,Object.<anonymous>
FN:3,_interopRequireDefault
FN:15,validateData
FN:24,validateId
FN:37,validateCategoryExist
FNF:5
FNH:5
FNDA:2,Object.<anonymous>
FNDA:2,_interopRequireDefault
FNDA:9,validateData
FNDA:3,validateId
FNDA:2,validateCategoryExist
DA:1,2
DA:2,2
DA:3,2
DA:4,2
DA:5,2
DA:6,2
DA:7,2
DA:8,2
DA:9,2
DA:10,2
DA:11,2
DA:12,2
DA:13,2
DA:14,2
DA:15,2
DA:16,9
DA:17,9
DA:18,9
DA:19,7
DA:20,9
DA:21,3
DA:22,9
DA:23,2
DA:24,3
DA:25,3
DA:26,3
DA:27,3
DA:28,3
DA:29,3
DA:30,3
DA:31,3
DA:32,3
DA:33,0
DA:34,0
DA:35,3
DA:36,3
DA:37,2
DA:38,2
DA:39,2
DA:40,2
DA:41,2
DA:42,2
DA:43,2
DA:44,2
DA:45,2
LF:45
LH:43
BRDA:1,0,0,2
BRDA:1,1,0,2
BRDA:3,2,0,2
BRDA:6,3,0,0
BRDA:15,4,0,9
BRDA:18,5,0,7
BRDA:20,6,0,3
BRDA:22,7,0,6
BRDA:24,8,0,3
BRDA:32,9,0,0
BRDA:37,10,0,2
BRF:11
BRH:9
end_of_record
TN:
SF:src/app/middlewares/index.js
FN:1,Object.<anonymous>
FNF:1
FNH:1
FNDA:2,Object.<anonymous>
DA:1,2
DA:2,2
DA:3,2
LF:3
LH:3
BRDA:1,0,0,2
BRDA:1,1,0,2
BRF:2
BRH:2
end_of_record
TN:
SF:src/app/middlewares/log.js
FN:1,Object.<anonymous>
FN:2,Object.<anonymous>.exports.default
FNF:2
FNH:2
FNDA:2,Object.<anonymous>
FNDA:17,Object.<anonymous>.exports.default
DA:1,2
DA:2,2
DA:3,17
DA:4,17
DA:5,17
DA:6,17
LF:6
LH:6
BRDA:1,0,0,2
BRDA:1,1,0,2
BRDA:2,2,0,17
BRF:3
BRH:3
end_of_record
TN:
SF:src/app/middlewares/product.js
FN:1,Object.<anonymous>
FN:3,_interopRequireDefault
FN:8,validateData
FN:23,validateId
FN:37,validateProductExist
FNF:5
FNH:5
FNDA:2,Object.<anonymous>
FNDA:2,_interopRequireDefault
FNDA:5,validateData
FNDA:1,validateId
FNDA:1,validateProductExist
DA:1,2
DA:2,2
DA:3,2
DA:4,2
DA:5,2
DA:6,2
DA:7,2
DA:8,2
DA:9,5
DA:10,5
DA:11,5
DA:12,5
DA:13,5
DA:14,5
DA:15,5
DA:16,5
DA:17,5
DA:18,5
DA:19,3
DA:20,5
DA:21,3
DA:22,5
DA:23,2
DA:24,1
DA:25,1
DA:26,1
DA:27,1
DA:28,1
DA:29,1
DA:30,1
DA:31,1
DA:32,1
DA:33,0
DA:34,0
DA:35,1
DA:36,1
DA:37,2
DA:38,1
DA:39,1
DA:40,1
DA:41,1
DA:42,1
DA:43,1
DA:44,1
DA:45,1
LF:45
LH:43
BRDA:1,0,0,2
BRDA:1,1,0,2
BRDA:3,2,0,2
BRDA:6,3,0,0
BRDA:8,4,0,5
BRDA:18,5,0,4
BRDA:18,6,0,3
BRDA:20,7,0,3
BRDA:22,8,0,2
BRDA:23,9,0,1
BRDA:32,10,0,0
BRDA:37,11,0,1
BRF:12
BRH:10
end_of_record
TN:
SF:src/app/models/Category.js
FN:1,Object.<anonymous>
FN:3,_interopRequireDefault
FN:14,init
FNF:3
FNH:3
FNDA:2,Object.<anonymous>
FNDA:2,_interopRequireDefault
FNDA:2,init
DA:1,2
DA:2,2
DA:3,2
DA:4,2
DA:5,2
DA:6,2
DA:7,2
DA:8,2
DA:9,2
DA:10,2
DA:11,2
DA:12,2
DA:13,2
DA:14,2
DA:15,2
DA:16,2
DA:17,2
DA:18,2
DA:19,2
DA:20,2
DA:21,2
DA:22,2
DA:23,2
DA:24,2
DA:25,2
DA:26,2
DA:27,2
DA:28,2
DA:29,2
DA:30,2
DA:31,2
DA:32,2
DA:33,2
DA:34,2
DA:35,2
LF:35
LH:35
BRDA:1,0,0,2
BRDA:1,1,0,2
BRDA:3,2,0,2
BRDA:8,3,0,0
BRDA:14,4,0,2
BRF:5
BRH:4
end_of_record
TN:
SF:src/app/models/Customer.js
FN:1,Object.<anonymous>
FN:3,_interopRequireDefault
FN:14,init
FNF:3
FNH:2
FNDA:2,Object.<anonymous>
FNDA:2,_interopRequireDefault
FNDA:0,init
DA:1,2
DA:2,2
DA:3,2
DA:4,2
DA:5,2
DA:6,2
DA:7,2
DA:8,2
DA:9,2
DA:10,2
DA:11,2
DA:12,2
DA:13,2
DA:14,2
DA:15,0
DA:16,0
DA:17,0
DA:18,0
DA:19,0
DA:20,0
DA:21,0
DA:22,0
DA:23,0
DA:24,0
DA:25,0
DA:26,0
DA:27,0
DA:28,0
DA:29,0
DA:30,0
DA:31,0
DA:32,0
DA:33,0
DA:34,0
DA:35,0
DA:36,0
DA:37,0
DA:38,0
DA:39,0
DA:40,0
DA:41,0
DA:42,0
DA:43,0
DA:44,0
DA:45,0
DA:46,0
DA:47,0
LF:47
LH:14
BRDA:1,0,0,2
BRDA:1,1,0,2
BRDA:3,2,0,2
BRDA:8,3,0,0
BRF:4
BRH:3
end_of_record
TN:
SF:src/app/models/OrderProduct.js
FN:1,(empty-report)
FNF:1
FNH:0
FNDA:0,(empty-report)
DA:1,0
DA:2,0
DA:3,0
DA:4,0
DA:5,0
DA:6,0
DA:7,0
DA:8,0
DA:9,0
DA:10,0
DA:11,0
DA:12,0
DA:13,0
DA:14,0
DA:15,0
DA:16,0
DA:17,0
DA:18,0
DA:19,0
DA:20,0
DA:21,0
DA:22,0
DA:23,0
DA:24,0
DA:25,0
DA:26,0
DA:27,0
DA:28,0
DA:29,0
DA:30,0
DA:31,0
DA:32,0
DA:33,0
DA:34,0
DA:35,0
DA:36,0
DA:37,0
DA:38,0
DA:39,0
DA:40,0
DA:41,0
DA:42,0
DA:43,0
DA:44,0
DA:45,0
DA:46,0
DA:47,0
DA:48,0
DA:49,0
DA:50,0
DA:51,0
DA:52,0
DA:53,0
DA:54,0
DA:55,0
DA:56,0
LF:56
LH:0
BRDA:1,0,0,0
BRF:1
BRH:0
end_of_record
TN:
SF:src/app/models/Product.js
FN:1,Object.<anonymous>
FN:3,_interopRequireDefault
FN:14,init
FNF:3
FNH:3
FNDA:2,Object.<anonymous>
FNDA:2,_interopRequireDefault
FNDA:2,init
DA:1,2
DA:2,2
DA:3,2
DA:4,2
DA:5,2
DA:6,2
DA:7,2
DA:8,2
DA:9,2
DA:10,2
DA:11,2
DA:12,2
DA:13,2
DA:14,2
DA:15,2
DA:16,2
DA:17,2
DA:18,2
DA:19,2
DA:20,2
DA:21,2
DA:22,2
DA:23,2
DA:24,2
DA:25,2
DA:26,2
DA:27,2
DA:28,2
DA:29,2
DA:30,2
DA:31,2
DA:32,2
DA:33,2
DA:34,2
DA:35,2
DA:36,2
DA:37,2
DA:38,2
DA:39,2
DA:40,2
DA:41,2
DA:42,2
DA:43,2
DA:44,2
DA:45,2
DA:46,2
DA:47,2
DA:48,2
DA:49,2
DA:50,2
DA:51,2
DA:52,2
DA:53,2
DA:54,2
DA:55,2
DA:56,2
DA:57,2
DA:58,2
DA:59,2
DA:60,2
DA:61,2
LF:61
LH:61
BRDA:1,0,0,2
BRDA:1,1,0,2
BRDA:3,2,0,2
BRDA:8,3,0,0
BRDA:14,4,0,2
BRF:5
BRH:4
end_of_record
TN:
SF:src/app/models/Type.js
FN:1,(empty-report)
FNF:1
FNH:0
FNDA:0,(empty-report)
DA:1,0
DA:2,0
DA:3,0
DA:4,0
DA:5,0
DA:6,0
DA:7,0
DA:8,0
DA:9,0
DA:10,0
DA:11,0
DA:12,0
DA:13,0
DA:14,0
DA:15,0
DA:16,0
DA:17,0
DA:18,0
DA:19,0
DA:20,0
DA:21,0
DA:22,0
DA:23,0
DA:24,0
DA:25,0
DA:26,0
DA:27,0
DA:28,0
DA:29,0
DA:30,0
DA:31,0
DA:32,0
DA:33,0
DA:34,0
DA:35,0
LF:35
LH:0
BRDA:1,0,0,0
BRF:1
BRH:0
end_of_record
TN:
SF:src/app/routers/category.js
FN:1,Object.<anonymous>
FN:2,_interopRequireDefault
FNF:2
FNH:2
FNDA:2,Object.<anonymous>
FNDA:2,_interopRequireDefault
DA:1,2
DA:2,2
DA:3,2
DA:4,2
DA:5,2
DA:6,2
DA:7,2
DA:8,2
DA:9,2
DA:10,2
DA:11,2
DA:12,2
DA:13,2
DA:14,2
DA:15,2
DA:16,2
DA:17,2
DA:18,2
LF:18
LH:18
BRDA:1,0,0,2
BRDA:1,1,0,2
BRDA:2,2,0,2
BRDA:7,3,0,0
BRF:4
BRH:3
end_of_record
TN:
SF:src/app/routers/customer.js
FN:1,Object.<anonymous>
FN:2,_interopRequireDefault
FNF:2
FNH:2
FNDA:2,Object.<anonymous>
FNDA:2,_interopRequireDefault
DA:1,2
DA:2,2
DA:3,2
DA:4,2
DA:5,2
DA:6,2
DA:7,2
DA:8,2
DA:9,2
DA:10,2
DA:11,2
DA:12,2
LF:12
LH:12
BRDA:1,0,0,2
BRDA:1,1,0,2
BRDA:2,2,0,2
BRDA:6,3,0,0
BRF:4
BRH:3
end_of_record
TN:
SF:src/app/routers/index.js
FN:1,Object.<anonymous>
FN:3,_interopRequireDefault
FNF:2
FNH:2
FNDA:2,Object.<anonymous>
FNDA:8,_interopRequireDefault
DA:1,2
DA:2,2
DA:3,2
DA:4,8
DA:5,8
DA:6,8
DA:7,2
DA:8,2
LF:8
LH:8
BRDA:1,0,0,2
BRDA:1,1,0,2
BRDA:3,2,0,8
BRDA:6,3,0,0
BRF:4
BRH:3
end_of_record
TN:
SF:src/app/routers/product.js
FN:1,Object.<anonymous>
FN:2,_interopRequireDefault
FNF:2
FNH:2
FNDA:2,Object.<anonymous>
FNDA:2,_interopRequireDefault
DA:1,2
DA:2,2
DA:3,2
DA:4,2
DA:5,2
DA:6,2
DA:7,2
DA:8,2
DA:9,2
DA:10,2
DA:11,2
DA:12,2
DA:13,2
DA:14,2
DA:15,2
DA:16,2
DA:17,2
DA:18,2
LF:18
LH:18
BRDA:1,0,0,2
BRDA:1,1,0,2
BRDA:2,2,0,2
BRDA:7,3,0,0
BRF:4
BRH:3
end_of_record
TN:
SF:src/app/routers/swagger.js
FN:1,Object.<anonymous>
FN:2,_interopRequireDefault
FNF:2
FNH:2
FNDA:2,Object.<anonymous>
FNDA:4,_interopRequireDefault
DA:1,2
DA:2,2
DA:3,4
DA:4,0
DA:5,2
DA:6,2
DA:7,2
DA:8,2
DA:9,2
DA:10,2
DA:11,2
DA:12,2
DA:13,2
LF:13
LH:12
BRDA:1,0,0,2
BRDA:1,1,0,2
BRDA:2,2,0,4
BRDA:4,3,0,0
BRF:4
BRH:3
end_of_record
